Requirement already satisfied: flask==3.0.0 in ./venv/lib/python3.11/site-packages (from -r /Users/prasannaa/Desktop/pharmacovigilance-agent/backend/requirements.txt (line 1)) (3.0.0)
Requirement already satisfied: flask-cors==4.0.0 in ./venv/lib/python3.11/site-packages (from -r /Users/prasannaa/Desktop/pharmacovigilance-agent/backend/requirements.txt (line 2)) (4.0.0)
Requirement already satisfied: pandas==2.1.3 in ./venv/lib/python3.11/site-packages (from -r /Users/prasannaa/Desktop/pharmacovigilance-agent/backend/requirements.txt (line 3)) (2.1.3)
Requirement already satisfied: numpy==1.26.2 in ./venv/lib/python3.11/site-packages (from -r /Users/prasannaa/Desktop/pharmacovigilance-agent/backend/requirements.txt (line 4)) (1.26.2)
Requirement already satisfied: werkzeug==3.0.1 in ./venv/lib/python3.11/site-packages (from -r /Users/prasannaa/Desktop/pharmacovigilance-agent/backend/requirements.txt (line 5)) (3.0.1)
Collecting sentence-transformers>=2.2.2 (from -r /Users/prasannaa/Desktop/pharmacovigilance-agent/backend/requirements.txt (line 6))
  Using cached sentence_transformers-5.2.0-py3-none-any.whl.metadata (16 kB)
Collecting hdbscan>=0.8.33 (from -r /Users/prasannaa/Desktop/pharmacovigilance-agent/backend/requirements.txt (line 7))
  Using cached hdbscan-0.8.41-cp311-cp311-macosx_10_9_universal2.whl.metadata (15 kB)
Collecting scikit-learn>=1.3.0 (from -r /Users/prasannaa/Desktop/pharmacovigilance-agent/backend/requirements.txt (line 8))
  Using cached scikit_learn-1.8.0-cp311-cp311-macosx_12_0_arm64.whl.metadata (11 kB)
Collecting joblib>=1.3.0 (from -r /Users/prasannaa/Desktop/pharmacovigilance-agent/backend/requirements.txt (line 9))
  Using cached joblib-1.5.2-py3-none-any.whl.metadata (5.6 kB)
Requirement already satisfied: Jinja2>=3.1.2 in ./venv/lib/python3.11/site-packages (from flask==3.0.0->-r /Users/prasannaa/Desktop/pharmacovigilance-agent/backend/requirements.txt (line 1)) (3.1.6)
Requirement already satisfied: itsdangerous>=2.1.2 in ./venv/lib/python3.11/site-packages (from flask==3.0.0->-r /Users/prasannaa/Desktop/pharmacovigilance-agent/backend/requirements.txt (line 1)) (2.2.0)
Requirement already satisfied: click>=8.1.3 in ./venv/lib/python3.11/site-packages (from flask==3.0.0->-r /Users/prasannaa/Desktop/pharmacovigilance-agent/backend/requirements.txt (line 1)) (8.3.1)
Requirement already satisfied: blinker>=1.6.2 in ./venv/lib/python3.11/site-packages (from flask==3.0.0->-r /Users/prasannaa/Desktop/pharmacovigilance-agent/backend/requirements.txt (line 1)) (1.9.0)
Requirement already satisfied: python-dateutil>=2.8.2 in ./venv/lib/python3.11/site-packages (from pandas==2.1.3->-r /Users/prasannaa/Desktop/pharmacovigilance-agent/backend/requirements.txt (line 3)) (2.9.0.post0)
Requirement already satisfied: pytz>=2020.1 in ./venv/lib/python3.11/site-packages (from pandas==2.1.3->-r /Users/prasannaa/Desktop/pharmacovigilance-agent/backend/requirements.txt (line 3)) (2025.2)
Requirement already satisfied: tzdata>=2022.1 in ./venv/lib/python3.11/site-packages (from pandas==2.1.3->-r /Users/prasannaa/Desktop/pharmacovigilance-agent/backend/requirements.txt (line 3)) (2025.2)
Requirement already satisfied: MarkupSafe>=2.1.1 in ./venv/lib/python3.11/site-packages (from werkzeug==3.0.1->-r /Users/prasannaa/Desktop/pharmacovigilance-agent/backend/requirements.txt (line 5)) (3.0.3)
Collecting transformers<6.0.0,>=4.41.0 (from sentence-transformers>=2.2.2->-r /Users/prasannaa/Desktop/pharmacovigilance-agent/backend/requirements.txt (line 6))
  Using cached transformers-4.57.3-py3-none-any.whl.metadata (43 kB)
Collecting tqdm (from sentence-transformers>=2.2.2->-r /Users/prasannaa/Desktop/pharmacovigilance-agent/backend/requirements.txt (line 6))
  Using cached tqdm-4.67.1-py3-none-any.whl.metadata (57 kB)
Collecting torch>=1.11.0 (from sentence-transformers>=2.2.2->-r /Users/prasannaa/Desktop/pharmacovigilance-agent/backend/requirements.txt (line 6))
  Using cached torch-2.9.1-cp311-none-macosx_11_0_arm64.whl.metadata (30 kB)
Collecting scipy (from sentence-transformers>=2.2.2->-r /Users/prasannaa/Desktop/pharmacovigilance-agent/backend/requirements.txt (line 6))
  Using cached scipy-1.16.3-cp311-cp311-macosx_14_0_arm64.whl.metadata (62 kB)
Collecting huggingface-hub>=0.20.0 (from sentence-transformers>=2.2.2->-r /Users/prasannaa/Desktop/pharmacovigilance-agent/backend/requirements.txt (line 6))
  Using cached huggingface_hub-1.2.3-py3-none-any.whl.metadata (13 kB)
Collecting typing_extensions>=4.5.0 (from sentence-transformers>=2.2.2->-r /Users/prasannaa/Desktop/pharmacovigilance-agent/backend/requirements.txt (line 6))
  Using cached typing_extensions-4.15.0-py3-none-any.whl.metadata (3.3 kB)
Collecting filelock (from transformers<6.0.0,>=4.41.0->sentence-transformers>=2.2.2->-r /Users/prasannaa/Desktop/pharmacovigilance-agent/backend/requirements.txt (line 6))
  Using cached filelock-3.20.0-py3-none-any.whl.metadata (2.1 kB)
Collecting huggingface-hub>=0.20.0 (from sentence-transformers>=2.2.2->-r /Users/prasannaa/Desktop/pharmacovigilance-agent/backend/requirements.txt (line 6))
  Using cached huggingface_hub-0.36.0-py3-none-any.whl.metadata (14 kB)
Collecting packaging>=20.0 (from transformers<6.0.0,>=4.41.0->sentence-transformers>=2.2.2->-r /Users/prasannaa/Desktop/pharmacovigilance-agent/backend/requirements.txt (line 6))
  Using cached packaging-25.0-py3-none-any.whl.metadata (3.3 kB)
Collecting pyyaml>=5.1 (from transformers<6.0.0,>=4.41.0->sentence-transformers>=2.2.2->-r /Users/prasannaa/Desktop/pharmacovigilance-agent/backend/requirements.txt (line 6))
  Using cached pyyaml-6.0.3-cp311-cp311-macosx_11_0_arm64.whl.metadata (2.4 kB)
Collecting regex!=2019.12.17 (from transformers<6.0.0,>=4.41.0->sentence-transformers>=2.2.2->-r /Users/prasannaa/Desktop/pharmacovigilance-agent/backend/requirements.txt (line 6))
  Using cached regex-2025.11.3-cp311-cp311-macosx_11_0_arm64.whl.metadata (40 kB)
Collecting requests (from transformers<6.0.0,>=4.41.0->sentence-transformers>=2.2.2->-r /Users/prasannaa/Desktop/pharmacovigilance-agent/backend/requirements.txt (line 6))
  Using cached requests-2.32.5-py3-none-any.whl.metadata (4.9 kB)
Collecting tokenizers<=0.23.0,>=0.22.0 (from transformers<6.0.0,>=4.41.0->sentence-transformers>=2.2.2->-r /Users/prasannaa/Desktop/pharmacovigilance-agent/backend/requirements.txt (line 6))
  Using cached tokenizers-0.22.1-cp39-abi3-macosx_11_0_arm64.whl.metadata (6.8 kB)
Collecting safetensors>=0.4.3 (from transformers<6.0.0,>=4.41.0->sentence-transformers>=2.2.2->-r /Users/prasannaa/Desktop/pharmacovigilance-agent/backend/requirements.txt (line 6))
  Using cached safetensors-0.7.0-cp38-abi3-macosx_11_0_arm64.whl.metadata (4.1 kB)
Collecting fsspec>=2023.5.0 (from huggingface-hub>=0.20.0->sentence-transformers>=2.2.2->-r /Users/prasannaa/Desktop/pharmacovigilance-agent/backend/requirements.txt (line 6))
  Using cached fsspec-2025.12.0-py3-none-any.whl.metadata (10 kB)
Collecting hf-xet<2.0.0,>=1.1.3 (from huggingface-hub>=0.20.0->sentence-transformers>=2.2.2->-r /Users/prasannaa/Desktop/pharmacovigilance-agent/backend/requirements.txt (line 6))
  Using cached hf_xet-1.2.0-cp37-abi3-macosx_11_0_arm64.whl.metadata (4.9 kB)
Collecting threadpoolctl>=3.2.0 (from scikit-learn>=1.3.0->-r /Users/prasannaa/Desktop/pharmacovigilance-agent/backend/requirements.txt (line 8))
  Using cached threadpoolctl-3.6.0-py3-none-any.whl.metadata (13 kB)
Requirement already satisfied: six>=1.5 in ./venv/lib/python3.11/site-packages (from python-dateutil>=2.8.2->pandas==2.1.3->-r /Users/prasannaa/Desktop/pharmacovigilance-agent/backend/requirements.txt (line 3)) (1.17.0)
Collecting sympy>=1.13.3 (from torch>=1.11.0->sentence-transformers>=2.2.2->-r /Users/prasannaa/Desktop/pharmacovigilance-agent/backend/requirements.txt (line 6))
  Using cached sympy-1.14.0-py3-none-any.whl.metadata (12 kB)
Collecting networkx>=2.5.1 (from torch>=1.11.0->sentence-transformers>=2.2.2->-r /Users/prasannaa/Desktop/pharmacovigilance-agent/backend/requirements.txt (line 6))
  Using cached networkx-3.6.1-py3-none-any.whl.metadata (6.8 kB)
Collecting mpmath<1.4,>=1.1.0 (from sympy>=1.13.3->torch>=1.11.0->sentence-transformers>=2.2.2->-r /Users/prasannaa/Desktop/pharmacovigilance-agent/backend/requirements.txt (line 6))
  Using cached mpmath-1.3.0-py3-none-any.whl.metadata (8.6 kB)
Collecting charset_normalizer<4,>=2 (from requests->transformers<6.0.0,>=4.41.0->sentence-transformers>=2.2.2->-r /Users/prasannaa/Desktop/pharmacovigilance-agent/backend/requirements.txt (line 6))
  Using cached charset_normalizer-3.4.4-cp311-cp311-macosx_10_9_universal2.whl.metadata (37 kB)
Collecting idna<4,>=2.5 (from requests->transformers<6.0.0,>=4.41.0->sentence-transformers>=2.2.2->-r /Users/prasannaa/Desktop/pharmacovigilance-agent/backend/requirements.txt (line 6))
  Using cached idna-3.11-py3-none-any.whl.metadata (8.4 kB)
Collecting urllib3<3,>=1.21.1 (from requests->transformers<6.0.0,>=4.41.0->sentence-transformers>=2.2.2->-r /Users/prasannaa/Desktop/pharmacovigilance-agent/backend/requirements.txt (line 6))
  Using cached urllib3-2.6.2-py3-none-any.whl.metadata (6.6 kB)
Collecting certifi>=2017.4.17 (from requests->transformers<6.0.0,>=4.41.0->sentence-transformers>=2.2.2->-r /Users/prasannaa/Desktop/pharmacovigilance-agent/backend/requirements.txt (line 6))
  Using cached certifi-2025.11.12-py3-none-any.whl.metadata (2.5 kB)
Using cached sentence_transformers-5.2.0-py3-none-any.whl (493 kB)
Using cached transformers-4.57.3-py3-none-any.whl (12.0 MB)
Using cached huggingface_hub-0.36.0-py3-none-any.whl (566 kB)
Using cached hf_xet-1.2.0-cp37-abi3-macosx_11_0_arm64.whl (2.7 MB)
Using cached tokenizers-0.22.1-cp39-abi3-macosx_11_0_arm64.whl (2.9 MB)
Using cached hdbscan-0.8.41-cp311-cp311-macosx_10_9_universal2.whl (1.4 MB)
Using cached scikit_learn-1.8.0-cp311-cp311-macosx_12_0_arm64.whl (8.1 MB)
Using cached joblib-1.5.2-py3-none-any.whl (308 kB)
Using cached fsspec-2025.12.0-py3-none-any.whl (201 kB)
Using cached packaging-25.0-py3-none-any.whl (66 kB)
Using cached pyyaml-6.0.3-cp311-cp311-macosx_11_0_arm64.whl (175 kB)
Using cached regex-2025.11.3-cp311-cp311-macosx_11_0_arm64.whl (288 kB)
Using cached safetensors-0.7.0-cp38-abi3-macosx_11_0_arm64.whl (447 kB)
Downloading scipy-1.16.3-cp311-cp311-macosx_14_0_arm64.whl (20.9 MB)
   ━━━━━ 20.9… 1.6   0:00:…
         MB    MB/s        
Using cached threadpoolctl-3.6.0-py3-none-any.whl (18 kB)
Downloading torch-2.9.1-cp311-none-macosx_11_0_arm64.whl (74.5 MB)
        4.7… 2.8  eta 0:00…
        MB   MB/s          
ERROR: Operation cancelled by user
